<?xml version="1.0" encoding="UTF-8"?>
<testsuite xmlns:xsi="http://www.w3.org/2001/XMLSchema-instance" xsi:noNamespaceSchemaLocation="https://maven.apache.org/surefire/maven-surefire-plugin/xsd/surefire-test-report.xsd" name="TestSuite" time="14.187" tests="5" errors="0" skipped="0" failures="0">
  <properties>
    <property name="sun.desktop" value="windows"/>
    <property name="awt.toolkit" value="sun.awt.windows.WToolkit"/>
    <property name="file.encoding.pkg" value="sun.io"/>
    <property name="java.specification.version" value="1.8"/>
    <property name="sun.cpu.isalist" value="amd64"/>
    <property name="sun.jnu.encoding" value="Cp1252"/>
    <property name="java.class.path" value="C:\Users\HP\eclipse-workspace\FrameWork01\target\test-classes;C:\Users\HP\eclipse-workspace\FrameWork01\target\classes;C:\Users\HP\.m2\repository\io\github\bonigarcia\webdrivermanager\5.2.0\webdrivermanager-5.2.0.jar;C:\Users\HP\.m2\repository\org\slf4j\slf4j-api\1.7.36\slf4j-api-1.7.36.jar;C:\Users\HP\.m2\repository\com\google\code\gson\gson\2.9.0\gson-2.9.0.jar;C:\Users\HP\.m2\repository\com\github\docker-java\docker-java\3.2.13\docker-java-3.2.13.jar;C:\Users\HP\.m2\repository\com\github\docker-java\docker-java-core\3.2.13\docker-java-core-3.2.13.jar;C:\Users\HP\.m2\repository\com\github\docker-java\docker-java-api\3.2.13\docker-java-api-3.2.13.jar;C:\Users\HP\.m2\repository\com\fasterxml\jackson\core\jackson-annotations\2.10.3\jackson-annotations-2.10.3.jar;C:\Users\HP\.m2\repository\commons-io\commons-io\2.6\commons-io-2.6.jar;C:\Users\HP\.m2\repository\org\apache\commons\commons-compress\1.21\commons-compress-1.21.jar;C:\Users\HP\.m2\repository\com\fasterxml\jackson\core\jackson-databind\2.10.3\jackson-databind-2.10.3.jar;C:\Users\HP\.m2\repository\com\fasterxml\jackson\core\jackson-core\2.10.3\jackson-core-2.10.3.jar;C:\Users\HP\.m2\repository\org\bouncycastle\bcpkix-jdk15on\1.64\bcpkix-jdk15on-1.64.jar;C:\Users\HP\.m2\repository\org\bouncycastle\bcprov-jdk15on\1.64\bcprov-jdk15on-1.64.jar;C:\Users\HP\.m2\repository\org\slf4j\jcl-over-slf4j\1.7.30\jcl-over-slf4j-1.7.30.jar;C:\Users\HP\.m2\repository\com\github\docker-java\docker-java-transport-httpclient5\3.2.13\docker-java-transport-httpclient5-3.2.13.jar;C:\Users\HP\.m2\repository\com\github\docker-java\docker-java-transport\3.2.13\docker-java-transport-3.2.13.jar;C:\Users\HP\.m2\repository\net\java\dev\jna\jna\5.8.0\jna-5.8.0.jar;C:\Users\HP\.m2\repository\org\brotli\dec\0.1.2\dec-0.1.2.jar;C:\Users\HP\.m2\repository\org\apache\commons\commons-lang3\3.12.0\commons-lang3-3.12.0.jar;C:\Users\HP\.m2\repository\org\apache\httpcomponents\client5\httpclient5\5.1.3\httpclient5-5.1.3.jar;C:\Users\HP\.m2\repository\org\apache\httpcomponents\core5\httpcore5\5.1.3\httpcore5-5.1.3.jar;C:\Users\HP\.m2\repository\org\apache\httpcomponents\core5\httpcore5-h2\5.1.3\httpcore5-h2-5.1.3.jar;C:\Users\HP\.m2\repository\commons-codec\commons-codec\1.15\commons-codec-1.15.jar;C:\Users\HP\.m2\repository\org\testng\testng\7.5\testng-7.5.jar;C:\Users\HP\.m2\repository\com\google\code\findbugs\jsr305\3.0.1\jsr305-3.0.1.jar;C:\Users\HP\.m2\repository\com\beust\jcommander\1.78\jcommander-1.78.jar;C:\Users\HP\.m2\repository\org\webjars\jquery\3.5.1\jquery-3.5.1.jar;C:\Users\HP\.m2\repository\org\seleniumhq\selenium\selenium-java\4.1.4\selenium-java-4.1.4.jar;C:\Users\HP\.m2\repository\org\seleniumhq\selenium\selenium-api\4.1.4\selenium-api-4.1.4.jar;C:\Users\HP\.m2\repository\org\seleniumhq\selenium\selenium-chrome-driver\4.1.4\selenium-chrome-driver-4.1.4.jar;C:\Users\HP\.m2\repository\com\google\auto\service\auto-service-annotations\1.0.1\auto-service-annotations-1.0.1.jar;C:\Users\HP\.m2\repository\com\google\auto\service\auto-service\1.0.1\auto-service-1.0.1.jar;C:\Users\HP\.m2\repository\com\google\auto\auto-common\1.2\auto-common-1.2.jar;C:\Users\HP\.m2\repository\com\google\guava\guava\31.1-jre\guava-31.1-jre.jar;C:\Users\HP\.m2\repository\com\google\guava\failureaccess\1.0.1\failureaccess-1.0.1.jar;C:\Users\HP\.m2\repository\com\google\guava\listenablefuture\9999.0-empty-to-avoid-conflict-with-guava\listenablefuture-9999.0-empty-to-avoid-conflict-with-guava.jar;C:\Users\HP\.m2\repository\org\checkerframework\checker-qual\3.12.0\checker-qual-3.12.0.jar;C:\Users\HP\.m2\repository\com\google\errorprone\error_prone_annotations\2.11.0\error_prone_annotations-2.11.0.jar;C:\Users\HP\.m2\repository\com\google\j2objc\j2objc-annotations\1.3\j2objc-annotations-1.3.jar;C:\Users\HP\.m2\repository\org\seleniumhq\selenium\selenium-chromium-driver\4.1.4\selenium-chromium-driver-4.1.4.jar;C:\Users\HP\.m2\repository\org\seleniumhq\selenium\selenium-json\4.1.4\selenium-json-4.1.4.jar;C:\Users\HP\.m2\repository\org\seleniumhq\selenium\selenium-devtools-v100\4.1.4\selenium-devtools-v100-4.1.4.jar;C:\Users\HP\.m2\repository\org\seleniumhq\selenium\selenium-devtools-v101\4.1.4\selenium-devtools-v101-4.1.4.jar;C:\Users\HP\.m2\repository\org\seleniumhq\selenium\selenium-devtools-v85\4.1.4\selenium-devtools-v85-4.1.4.jar;C:\Users\HP\.m2\repository\org\seleniumhq\selenium\selenium-devtools-v99\4.1.4\selenium-devtools-v99-4.1.4.jar;C:\Users\HP\.m2\repository\org\seleniumhq\selenium\selenium-edge-driver\4.1.4\selenium-edge-driver-4.1.4.jar;C:\Users\HP\.m2\repository\org\seleniumhq\selenium\selenium-firefox-driver\4.1.4\selenium-firefox-driver-4.1.4.jar;C:\Users\HP\.m2\repository\org\seleniumhq\selenium\selenium-ie-driver\4.1.4\selenium-ie-driver-4.1.4.jar;C:\Users\HP\.m2\repository\org\seleniumhq\selenium\selenium-opera-driver\4.1.4\selenium-opera-driver-4.1.4.jar;C:\Users\HP\.m2\repository\org\seleniumhq\selenium\selenium-remote-driver\4.1.4\selenium-remote-driver-4.1.4.jar;C:\Users\HP\.m2\repository\io\netty\netty-buffer\4.1.76.Final\netty-buffer-4.1.76.Final.jar;C:\Users\HP\.m2\repository\io\netty\netty-codec-http\4.1.76.Final\netty-codec-http-4.1.76.Final.jar;C:\Users\HP\.m2\repository\io\netty\netty-codec\4.1.76.Final\netty-codec-4.1.76.Final.jar;C:\Users\HP\.m2\repository\io\netty\netty-handler\4.1.76.Final\netty-handler-4.1.76.Final.jar;C:\Users\HP\.m2\repository\io\netty\netty-common\4.1.76.Final\netty-common-4.1.76.Final.jar;C:\Users\HP\.m2\repository\io\netty\netty-transport-classes-epoll\4.1.76.Final\netty-transport-classes-epoll-4.1.76.Final.jar;C:\Users\HP\.m2\repository\io\netty\netty-transport-classes-kqueue\4.1.76.Final\netty-transport-classes-kqueue-4.1.76.Final.jar;C:\Users\HP\.m2\repository\io\netty\netty-transport-native-epoll\4.1.76.Final\netty-transport-native-epoll-4.1.76.Final.jar;C:\Users\HP\.m2\repository\io\netty\netty-transport-native-kqueue\4.1.76.Final\netty-transport-native-kqueue-4.1.76.Final.jar;C:\Users\HP\.m2\repository\io\netty\netty-transport-native-unix-common\4.1.76.Final\netty-transport-native-unix-common-4.1.76.Final.jar;C:\Users\HP\.m2\repository\io\netty\netty-transport\4.1.76.Final\netty-transport-4.1.76.Final.jar;C:\Users\HP\.m2\repository\io\netty\netty-resolver\4.1.76.Final\netty-resolver-4.1.76.Final.jar;C:\Users\HP\.m2\repository\io\opentelemetry\opentelemetry-api\1.13.0\opentelemetry-api-1.13.0.jar;C:\Users\HP\.m2\repository\io\opentelemetry\opentelemetry-context\1.13.0\opentelemetry-context-1.13.0.jar;C:\Users\HP\.m2\repository\io\opentelemetry\opentelemetry-exporter-logging\1.13.0\opentelemetry-exporter-logging-1.13.0.jar;C:\Users\HP\.m2\repository\io\opentelemetry\opentelemetry-sdk-metrics\1.13.0-alpha\opentelemetry-sdk-metrics-1.13.0-alpha.jar;C:\Users\HP\.m2\repository\io\opentelemetry\opentelemetry-sdk-logs\1.13.0-alpha\opentelemetry-sdk-logs-1.13.0-alpha.jar;C:\Users\HP\.m2\repository\io\opentelemetry\opentelemetry-sdk-common\1.13.0\opentelemetry-sdk-common-1.13.0.jar;C:\Users\HP\.m2\repository\io\opentelemetry\opentelemetry-sdk-extension-autoconfigure-spi\1.13.0\opentelemetry-sdk-extension-autoconfigure-spi-1.13.0.jar;C:\Users\HP\.m2\repository\io\opentelemetry\opentelemetry-sdk-extension-autoconfigure\1.13.0-alpha\opentelemetry-sdk-extension-autoconfigure-1.13.0-alpha.jar;C:\Users\HP\.m2\repository\io\opentelemetry\opentelemetry-sdk-trace\1.13.0\opentelemetry-sdk-trace-1.13.0.jar;C:\Users\HP\.m2\repository\io\opentelemetry\opentelemetry-sdk\1.13.0\opentelemetry-sdk-1.13.0.jar;C:\Users\HP\.m2\repository\io\opentelemetry\opentelemetry-semconv\1.13.0-alpha\opentelemetry-semconv-1.13.0-alpha.jar;C:\Users\HP\.m2\repository\io\ous\jtoml\2.0.0\jtoml-2.0.0.jar;C:\Users\HP\.m2\repository\net\bytebuddy\byte-buddy\1.12.9\byte-buddy-1.12.9.jar;C:\Users\HP\.m2\repository\org\apache\commons\commons-exec\1.3\commons-exec-1.3.jar;C:\Users\HP\.m2\repository\org\asynchttpclient\async-http-client\2.12.3\async-http-client-2.12.3.jar;C:\Users\HP\.m2\repository\org\asynchttpclient\async-http-client-netty-utils\2.12.3\async-http-client-netty-utils-2.12.3.jar;C:\Users\HP\.m2\repository\io\netty\netty-codec-socks\4.1.60.Final\netty-codec-socks-4.1.60.Final.jar;C:\Users\HP\.m2\repository\io\netty\netty-handler-proxy\4.1.60.Final\netty-handler-proxy-4.1.60.Final.jar;C:\Users\HP\.m2\repository\io\netty\netty-transport-native-epoll\4.1.60.Final\netty-transport-native-epoll-4.1.60.Final-linux-x86_64.jar;C:\Users\HP\.m2\repository\io\netty\netty-transport-native-kqueue\4.1.60.Final\netty-transport-native-kqueue-4.1.60.Final-osx-x86_64.jar;C:\Users\HP\.m2\repository\org\reactivestreams\reactive-streams\1.0.3\reactive-streams-1.0.3.jar;C:\Users\HP\.m2\repository\com\typesafe\netty\netty-reactive-streams\2.0.4\netty-reactive-streams-2.0.4.jar;C:\Users\HP\.m2\repository\com\sun\activation\jakarta.activation\1.2.2\jakarta.activation-1.2.2.jar;C:\Users\HP\.m2\repository\org\seleniumhq\selenium\selenium-http\4.1.4\selenium-http-4.1.4.jar;C:\Users\HP\.m2\repository\dev\failsafe\failsafe\3.2.3\failsafe-3.2.3.jar;C:\Users\HP\.m2\repository\org\seleniumhq\selenium\selenium-safari-driver\4.1.4\selenium-safari-driver-4.1.4.jar;C:\Users\HP\.m2\repository\org\seleniumhq\selenium\selenium-support\4.1.4\selenium-support-4.1.4.jar;C:\Users\HP\.m2\repository\org\apache\maven\surefire\surefire-testng-utils\2.21.0\surefire-testng-utils-2.21.0.jar;C:\Users\HP\.m2\repository\org\apache\maven\surefire\surefire-grouper\2.21.0\surefire-grouper-2.21.0.jar;"/>
    <property name="java.vm.vendor" value="Oracle Corporation"/>
    <property name="sun.arch.data.model" value="64"/>
    <property name="user.variant" value=""/>
    <property name="java.vendor.url" value="http://java.oracle.com/"/>
    <property name="user.timezone" value=""/>
    <property name="java.vm.specification.version" value="1.8"/>
    <property name="os.name" value="Windows 10"/>
    <property name="user.country" value="IN"/>
    <property name="sun.java.launcher" value="SUN_STANDARD"/>
    <property name="sun.boot.library.path" value="C:\Program Files\Java\jdk1.8.0_192\jre\bin"/>
    <property name="sun.java.command" value="C:\Users\HP\AppData\Local\Temp\surefire3631785835511922027\surefirebooter2253851055634420344.jar C:\Users\HP\AppData\Local\Temp\surefire3631785835511922027 2022-06-21T19-05-37_242-jvmRun1 surefire606185628192550636tmp surefire_07232160499363313509tmp"/>
    <property name="surefire.test.class.path" value="C:\Users\HP\eclipse-workspace\FrameWork01\target\test-classes;C:\Users\HP\eclipse-workspace\FrameWork01\target\classes;C:\Users\HP\.m2\repository\io\github\bonigarcia\webdrivermanager\5.2.0\webdrivermanager-5.2.0.jar;C:\Users\HP\.m2\repository\org\slf4j\slf4j-api\1.7.36\slf4j-api-1.7.36.jar;C:\Users\HP\.m2\repository\com\google\code\gson\gson\2.9.0\gson-2.9.0.jar;C:\Users\HP\.m2\repository\com\github\docker-java\docker-java\3.2.13\docker-java-3.2.13.jar;C:\Users\HP\.m2\repository\com\github\docker-java\docker-java-core\3.2.13\docker-java-core-3.2.13.jar;C:\Users\HP\.m2\repository\com\github\docker-java\docker-java-api\3.2.13\docker-java-api-3.2.13.jar;C:\Users\HP\.m2\repository\com\fasterxml\jackson\core\jackson-annotations\2.10.3\jackson-annotations-2.10.3.jar;C:\Users\HP\.m2\repository\commons-io\commons-io\2.6\commons-io-2.6.jar;C:\Users\HP\.m2\repository\org\apache\commons\commons-compress\1.21\commons-compress-1.21.jar;C:\Users\HP\.m2\repository\com\fasterxml\jackson\core\jackson-databind\2.10.3\jackson-databind-2.10.3.jar;C:\Users\HP\.m2\repository\com\fasterxml\jackson\core\jackson-core\2.10.3\jackson-core-2.10.3.jar;C:\Users\HP\.m2\repository\org\bouncycastle\bcpkix-jdk15on\1.64\bcpkix-jdk15on-1.64.jar;C:\Users\HP\.m2\repository\org\bouncycastle\bcprov-jdk15on\1.64\bcprov-jdk15on-1.64.jar;C:\Users\HP\.m2\repository\org\slf4j\jcl-over-slf4j\1.7.30\jcl-over-slf4j-1.7.30.jar;C:\Users\HP\.m2\repository\com\github\docker-java\docker-java-transport-httpclient5\3.2.13\docker-java-transport-httpclient5-3.2.13.jar;C:\Users\HP\.m2\repository\com\github\docker-java\docker-java-transport\3.2.13\docker-java-transport-3.2.13.jar;C:\Users\HP\.m2\repository\net\java\dev\jna\jna\5.8.0\jna-5.8.0.jar;C:\Users\HP\.m2\repository\org\brotli\dec\0.1.2\dec-0.1.2.jar;C:\Users\HP\.m2\repository\org\apache\commons\commons-lang3\3.12.0\commons-lang3-3.12.0.jar;C:\Users\HP\.m2\repository\org\apache\httpcomponents\client5\httpclient5\5.1.3\httpclient5-5.1.3.jar;C:\Users\HP\.m2\repository\org\apache\httpcomponents\core5\httpcore5\5.1.3\httpcore5-5.1.3.jar;C:\Users\HP\.m2\repository\org\apache\httpcomponents\core5\httpcore5-h2\5.1.3\httpcore5-h2-5.1.3.jar;C:\Users\HP\.m2\repository\commons-codec\commons-codec\1.15\commons-codec-1.15.jar;C:\Users\HP\.m2\repository\org\testng\testng\7.5\testng-7.5.jar;C:\Users\HP\.m2\repository\com\google\code\findbugs\jsr305\3.0.1\jsr305-3.0.1.jar;C:\Users\HP\.m2\repository\com\beust\jcommander\1.78\jcommander-1.78.jar;C:\Users\HP\.m2\repository\org\webjars\jquery\3.5.1\jquery-3.5.1.jar;C:\Users\HP\.m2\repository\org\seleniumhq\selenium\selenium-java\4.1.4\selenium-java-4.1.4.jar;C:\Users\HP\.m2\repository\org\seleniumhq\selenium\selenium-api\4.1.4\selenium-api-4.1.4.jar;C:\Users\HP\.m2\repository\org\seleniumhq\selenium\selenium-chrome-driver\4.1.4\selenium-chrome-driver-4.1.4.jar;C:\Users\HP\.m2\repository\com\google\auto\service\auto-service-annotations\1.0.1\auto-service-annotations-1.0.1.jar;C:\Users\HP\.m2\repository\com\google\auto\service\auto-service\1.0.1\auto-service-1.0.1.jar;C:\Users\HP\.m2\repository\com\google\auto\auto-common\1.2\auto-common-1.2.jar;C:\Users\HP\.m2\repository\com\google\guava\guava\31.1-jre\guava-31.1-jre.jar;C:\Users\HP\.m2\repository\com\google\guava\failureaccess\1.0.1\failureaccess-1.0.1.jar;C:\Users\HP\.m2\repository\com\google\guava\listenablefuture\9999.0-empty-to-avoid-conflict-with-guava\listenablefuture-9999.0-empty-to-avoid-conflict-with-guava.jar;C:\Users\HP\.m2\repository\org\checkerframework\checker-qual\3.12.0\checker-qual-3.12.0.jar;C:\Users\HP\.m2\repository\com\google\errorprone\error_prone_annotations\2.11.0\error_prone_annotations-2.11.0.jar;C:\Users\HP\.m2\repository\com\google\j2objc\j2objc-annotations\1.3\j2objc-annotations-1.3.jar;C:\Users\HP\.m2\repository\org\seleniumhq\selenium\selenium-chromium-driver\4.1.4\selenium-chromium-driver-4.1.4.jar;C:\Users\HP\.m2\repository\org\seleniumhq\selenium\selenium-json\4.1.4\selenium-json-4.1.4.jar;C:\Users\HP\.m2\repository\org\seleniumhq\selenium\selenium-devtools-v100\4.1.4\selenium-devtools-v100-4.1.4.jar;C:\Users\HP\.m2\repository\org\seleniumhq\selenium\selenium-devtools-v101\4.1.4\selenium-devtools-v101-4.1.4.jar;C:\Users\HP\.m2\repository\org\seleniumhq\selenium\selenium-devtools-v85\4.1.4\selenium-devtools-v85-4.1.4.jar;C:\Users\HP\.m2\repository\org\seleniumhq\selenium\selenium-devtools-v99\4.1.4\selenium-devtools-v99-4.1.4.jar;C:\Users\HP\.m2\repository\org\seleniumhq\selenium\selenium-edge-driver\4.1.4\selenium-edge-driver-4.1.4.jar;C:\Users\HP\.m2\repository\org\seleniumhq\selenium\selenium-firefox-driver\4.1.4\selenium-firefox-driver-4.1.4.jar;C:\Users\HP\.m2\repository\org\seleniumhq\selenium\selenium-ie-driver\4.1.4\selenium-ie-driver-4.1.4.jar;C:\Users\HP\.m2\repository\org\seleniumhq\selenium\selenium-opera-driver\4.1.4\selenium-opera-driver-4.1.4.jar;C:\Users\HP\.m2\repository\org\seleniumhq\selenium\selenium-remote-driver\4.1.4\selenium-remote-driver-4.1.4.jar;C:\Users\HP\.m2\repository\io\netty\netty-buffer\4.1.76.Final\netty-buffer-4.1.76.Final.jar;C:\Users\HP\.m2\repository\io\netty\netty-codec-http\4.1.76.Final\netty-codec-http-4.1.76.Final.jar;C:\Users\HP\.m2\repository\io\netty\netty-codec\4.1.76.Final\netty-codec-4.1.76.Final.jar;C:\Users\HP\.m2\repository\io\netty\netty-handler\4.1.76.Final\netty-handler-4.1.76.Final.jar;C:\Users\HP\.m2\repository\io\netty\netty-common\4.1.76.Final\netty-common-4.1.76.Final.jar;C:\Users\HP\.m2\repository\io\netty\netty-transport-classes-epoll\4.1.76.Final\netty-transport-classes-epoll-4.1.76.Final.jar;C:\Users\HP\.m2\repository\io\netty\netty-transport-classes-kqueue\4.1.76.Final\netty-transport-classes-kqueue-4.1.76.Final.jar;C:\Users\HP\.m2\repository\io\netty\netty-transport-native-epoll\4.1.76.Final\netty-transport-native-epoll-4.1.76.Final.jar;C:\Users\HP\.m2\repository\io\netty\netty-transport-native-kqueue\4.1.76.Final\netty-transport-native-kqueue-4.1.76.Final.jar;C:\Users\HP\.m2\repository\io\netty\netty-transport-native-unix-common\4.1.76.Final\netty-transport-native-unix-common-4.1.76.Final.jar;C:\Users\HP\.m2\repository\io\netty\netty-transport\4.1.76.Final\netty-transport-4.1.76.Final.jar;C:\Users\HP\.m2\repository\io\netty\netty-resolver\4.1.76.Final\netty-resolver-4.1.76.Final.jar;C:\Users\HP\.m2\repository\io\opentelemetry\opentelemetry-api\1.13.0\opentelemetry-api-1.13.0.jar;C:\Users\HP\.m2\repository\io\opentelemetry\opentelemetry-context\1.13.0\opentelemetry-context-1.13.0.jar;C:\Users\HP\.m2\repository\io\opentelemetry\opentelemetry-exporter-logging\1.13.0\opentelemetry-exporter-logging-1.13.0.jar;C:\Users\HP\.m2\repository\io\opentelemetry\opentelemetry-sdk-metrics\1.13.0-alpha\opentelemetry-sdk-metrics-1.13.0-alpha.jar;C:\Users\HP\.m2\repository\io\opentelemetry\opentelemetry-sdk-logs\1.13.0-alpha\opentelemetry-sdk-logs-1.13.0-alpha.jar;C:\Users\HP\.m2\repository\io\opentelemetry\opentelemetry-sdk-common\1.13.0\opentelemetry-sdk-common-1.13.0.jar;C:\Users\HP\.m2\repository\io\opentelemetry\opentelemetry-sdk-extension-autoconfigure-spi\1.13.0\opentelemetry-sdk-extension-autoconfigure-spi-1.13.0.jar;C:\Users\HP\.m2\repository\io\opentelemetry\opentelemetry-sdk-extension-autoconfigure\1.13.0-alpha\opentelemetry-sdk-extension-autoconfigure-1.13.0-alpha.jar;C:\Users\HP\.m2\repository\io\opentelemetry\opentelemetry-sdk-trace\1.13.0\opentelemetry-sdk-trace-1.13.0.jar;C:\Users\HP\.m2\repository\io\opentelemetry\opentelemetry-sdk\1.13.0\opentelemetry-sdk-1.13.0.jar;C:\Users\HP\.m2\repository\io\opentelemetry\opentelemetry-semconv\1.13.0-alpha\opentelemetry-semconv-1.13.0-alpha.jar;C:\Users\HP\.m2\repository\io\ous\jtoml\2.0.0\jtoml-2.0.0.jar;C:\Users\HP\.m2\repository\net\bytebuddy\byte-buddy\1.12.9\byte-buddy-1.12.9.jar;C:\Users\HP\.m2\repository\org\apache\commons\commons-exec\1.3\commons-exec-1.3.jar;C:\Users\HP\.m2\repository\org\asynchttpclient\async-http-client\2.12.3\async-http-client-2.12.3.jar;C:\Users\HP\.m2\repository\org\asynchttpclient\async-http-client-netty-utils\2.12.3\async-http-client-netty-utils-2.12.3.jar;C:\Users\HP\.m2\repository\io\netty\netty-codec-socks\4.1.60.Final\netty-codec-socks-4.1.60.Final.jar;C:\Users\HP\.m2\repository\io\netty\netty-handler-proxy\4.1.60.Final\netty-handler-proxy-4.1.60.Final.jar;C:\Users\HP\.m2\repository\io\netty\netty-transport-native-epoll\4.1.60.Final\netty-transport-native-epoll-4.1.60.Final-linux-x86_64.jar;C:\Users\HP\.m2\repository\io\netty\netty-transport-native-kqueue\4.1.60.Final\netty-transport-native-kqueue-4.1.60.Final-osx-x86_64.jar;C:\Users\HP\.m2\repository\org\reactivestreams\reactive-streams\1.0.3\reactive-streams-1.0.3.jar;C:\Users\HP\.m2\repository\com\typesafe\netty\netty-reactive-streams\2.0.4\netty-reactive-streams-2.0.4.jar;C:\Users\HP\.m2\repository\com\sun\activation\jakarta.activation\1.2.2\jakarta.activation-1.2.2.jar;C:\Users\HP\.m2\repository\org\seleniumhq\selenium\selenium-http\4.1.4\selenium-http-4.1.4.jar;C:\Users\HP\.m2\repository\dev\failsafe\failsafe\3.2.3\failsafe-3.2.3.jar;C:\Users\HP\.m2\repository\org\seleniumhq\selenium\selenium-safari-driver\4.1.4\selenium-safari-driver-4.1.4.jar;C:\Users\HP\.m2\repository\org\seleniumhq\selenium\selenium-support\4.1.4\selenium-support-4.1.4.jar;C:\Users\HP\.m2\repository\org\apache\maven\surefire\surefire-testng-utils\2.21.0\surefire-testng-utils-2.21.0.jar;C:\Users\HP\.m2\repository\org\apache\maven\surefire\surefire-grouper\2.21.0\surefire-grouper-2.21.0.jar;"/>
    <property name="sun.cpu.endian" value="little"/>
    <property name="user.home" value="C:\Users\HP"/>
    <property name="user.language" value="en"/>
    <property name="java.specification.vendor" value="Oracle Corporation"/>
    <property name="java.home" value="C:\Program Files\Java\jdk1.8.0_192\jre"/>
    <property name="basedir" value="C:\Users\HP\eclipse-workspace\FrameWork01"/>
    <property name="file.separator" value="\"/>
    <property name="line.separator" value="&#10;"/>
    <property name="java.vm.specification.vendor" value="Oracle Corporation"/>
    <property name="java.specification.name" value="Java Platform API Specification"/>
    <property name="java.awt.graphicsenv" value="sun.awt.Win32GraphicsEnvironment"/>
    <property name="surefire.real.class.path" value="C:\Users\HP\AppData\Local\Temp\surefire3631785835511922027\surefirebooter2253851055634420344.jar"/>
    <property name="sun.boot.class.path" value="C:\Program Files\Java\jdk1.8.0_192\jre\lib\resources.jar;C:\Program Files\Java\jdk1.8.0_192\jre\lib\rt.jar;C:\Program Files\Java\jdk1.8.0_192\jre\lib\sunrsasign.jar;C:\Program Files\Java\jdk1.8.0_192\jre\lib\jsse.jar;C:\Program Files\Java\jdk1.8.0_192\jre\lib\jce.jar;C:\Program Files\Java\jdk1.8.0_192\jre\lib\charsets.jar;C:\Program Files\Java\jdk1.8.0_192\jre\lib\jfr.jar;C:\Program Files\Java\jdk1.8.0_192\jre\classes"/>
    <property name="user.script" value=""/>
    <property name="sun.management.compiler" value="HotSpot 64-Bit Tiered Compilers"/>
    <property name="java.runtime.version" value="1.8.0_192-b12"/>
    <property name="user.name" value="HP"/>
    <property name="path.separator" value=";"/>
    <property name="os.version" value="10.0"/>
    <property name="java.endorsed.dirs" value="C:\Program Files\Java\jdk1.8.0_192\jre\lib\endorsed"/>
    <property name="java.runtime.name" value="Java(TM) SE Runtime Environment"/>
    <property name="file.encoding" value="Cp1252"/>
    <property name="java.vm.name" value="Java HotSpot(TM) 64-Bit Server VM"/>
    <property name="localRepository" value="C:\Users\HP\.m2\repository"/>
    <property name="java.vendor.url.bug" value="http://bugreport.sun.com/bugreport/"/>
    <property name="java.io.tmpdir" value="C:\Users\HP\AppData\Local\Temp\"/>
    <property name="java.version" value="1.8.0_192"/>
    <property name="user.dir" value="C:\Users\HP\eclipse-workspace\FrameWork01"/>
    <property name="os.arch" value="amd64"/>
    <property name="java.vm.specification.name" value="Java Virtual Machine Specification"/>
    <property name="java.awt.printerjob" value="sun.awt.windows.WPrinterJob"/>
    <property name="sun.os.patch.level" value=""/>
    <property name="java.library.path" value="C:\Program Files\Java\jdk1.8.0_192\jre\bin;C:\WINDOWS\Sun\Java\bin;C:\WINDOWS\system32;C:\WINDOWS;C:\Program Files (x86)\Common Files\Oracle\Java\javapath;C:\WINDOWS\system32;C:\WINDOWS;C:\WINDOWS\System32\Wbem;C:\WINDOWS\System32\WindowsPowerShell\v1.0\;C:\WINDOWS\System32\OpenSSH\;C:\Program Files\nodejs\;C:\New folder\apache-maven-3.8.5\bin;C:\New folder\allure-2.17.3\bin;C:\Program Files\Java\jdk1.8.0_192\bin;C:\Program Files\Java\jre1.8.0_192;C:\Users\HP\AppData\Local\Programs\Python\Python310\Scripts\;C:\Users\HP\AppData\Local\Programs\Python\Python310\;C:\Users\HP\AppData\Local\Microsoft\WindowsApps;C:\Users\HP\AppData\Roaming\npm;."/>
    <property name="java.vm.info" value="mixed mode"/>
    <property name="java.vendor" value="Oracle Corporation"/>
    <property name="java.vm.version" value="25.192-b12"/>
    <property name="java.ext.dirs" value="C:\Program Files\Java\jdk1.8.0_192\jre\lib\ext;C:\WINDOWS\Sun\Java\lib\ext"/>
    <property name="sun.io.unicode.encoding" value="UnicodeLittle"/>
    <property name="java.class.version" value="52.0"/>
  </properties>
  <testcase name="testthree" classname="tests.Testthree" time="0.004"/>
  <testcase name="testfour" classname="tests.testFour" time="0"/>
  <testcase name="testTwo" classname="tests.TestTwo" time="0"/>
  <testcase name="login" classname="tests.LoginText" time="7.526"/>
  <testcase name="login" classname="tests.LoginText" time="5.719"/>
</testsuite>