<?xml version="1.0" encoding="UTF-8"?>
<!-- Generated by org.testng.reporters.JUnitReportReporter -->
<testsuite hostname="DESKTOP-0VUM3F6" failures="0" tests="2" name="tests.LoginText" time="21.059" errors="0" timestamp="2022-06-23T17:36:25 IST" skipped="0">
  <testcase classname="tests.LoginText" name="login" time="12.857"/>
  <system-out/>
  <testcase classname="tests.LoginText" name="login" time="8.202"/>
  <system-out/>
</testsuite> <!-- tests.LoginText -->
