<?xml version="1.0" encoding="UTF-8"?>
<!-- Generated by org.testng.reporters.JUnitReportReporter -->
<testsuite hostname="DESKTOP-0VUM3F6" failures="0" tests="1" name="tests.TestTwo" time="12.599" errors="0" timestamp="2022-06-23T17:36:25 IST" skipped="0">
  <testcase classname="tests.TestTwo" name="testTwo" time="12.599"/>
  <system-out/>
</testsuite> <!-- tests.TestTwo -->
