<?xml version="1.0" encoding="UTF-8"?>
<!-- Generated by org.testng.reporters.JUnitReportReporter -->
<testsuite skipped="0" hostname="DESKTOP-0VUM3F6" name="tests.TestTwo" tests="1" failures="0" timestamp="2022-06-21T19:05:53 IST" time="0.000" errors="0">
  <testcase name="testTwo" time="0.000" classname="tests.TestTwo"/>
  <system-out/>
</testsuite> <!-- tests.TestTwo -->
