<?xml version="1.0" encoding="UTF-8"?>
<!-- Generated by org.testng.reporters.JUnitReportReporter -->
<testsuite skipped="0" hostname="DESKTOP-0VUM3F6" name="tests.LoginText" tests="2" failures="0" timestamp="2022-06-21T19:05:53 IST" time="13.455" errors="0">
  <testcase name="login" time="7.627" classname="tests.LoginText"/>
  <system-out/>
  <testcase name="login" time="5.828" classname="tests.LoginText"/>
  <system-out/>
</testsuite> <!-- tests.LoginText -->
