<?xml version="1.0" encoding="UTF-8"?>
<!-- Generated by org.testng.reporters.JUnitReportReporter -->
<testsuite skipped="0" hostname="DESKTOP-0VUM3F6" name="tests.Testthree" tests="1" failures="0" timestamp="2022-06-21T19:05:53 IST" time="0.003" errors="0">
  <testcase name="testthree" time="0.003" classname="tests.Testthree"/>
  <system-out/>
</testsuite> <!-- tests.Testthree -->
